<?xml version="1.0" encoding="UTF-8"?>
<testsuite xmlns:xsi="http://www.w3.org/2001/XMLSchema-instance" xsi:noNamespaceSchemaLocation="https://maven.apache.org/surefire/maven-surefire-plugin/xsd/surefire-test-report.xsd" version="3.0.2" name="rescueAnimal.DogTest" time="0.05" tests="3" errors="0" skipped="0" failures="0">
  <properties>
[...]
</properties>
  <testcase name="testDogGetters" classname="rescueAnimal.DogTest" time="0.022"/>
  <testcase name="testParameterizedConstructor" classname="rescueAnimal.DogTest" time="0.001"/>
  <testcase name="testDefaultConstructor" classname="rescueAnimal.DogTest" time="0.001"/>
</testsuite>