<?xml version="1.0" encoding="UTF-8"?>
<testsuite xmlns:xsi="http://www.w3.org/2001/XMLSchema-instance" xsi:noNamespaceSchemaLocation="https://maven.apache.org/surefire/maven-surefire-plugin/xsd/surefire-test-report.xsd" version="3.0.2" name="rescueAnimal.MainTest" time="0.151" tests="14" errors="0" skipped="0" failures="0">
  <properties>
[...]
</properties>
  <testcase name="testGetAcquisitionCountry" classname="rescueAnimal.MainTest" time="0.009">
    <system-out><![CDATA[Acquisition Country: ]]></system-out>
  </testcase>
  <testcase name="testEmptyInput" classname="rescueAnimal.MainTest" time="0.002"/>
  <testcase name="testMenu" classname="rescueAnimal.MainTest" time="0.002">
    <system-out><![CDATA[

&amp#27;[4m&amp#27;[30m&amp#27;[47m				Rescue Animal Management System				&amp#27;[0m

[1] Intake new dog
[2] Intake new monkey
[3] Reserve animal
[4] Print list of dogs
[5] Print list of monkeys
[6] Print list of non-reserved animals
[Q] Quit application

&amp#27;[37mEnter a menu selection: &amp#27;[0m]]></system-out>
  </testcase>
  <testcase name="testIntakeNewMonkey" classname="rescueAnimal.MainTest" time="0.037">
    <system-out><![CDATA[Monkey Name: &amp#27;[31mPlease enter a valid name: &amp#27;[0mSpecies: &amp#27;[31mOnly allowed species are capuchin, guenon, macaque, marmoset, squirrel monkey, or tamarin: &amp#27;[0mGender (male/female): Please enter a gender: &amp#27;[31mMale or female, please: &amp#27;[0mAge: &amp#27;[31mPlease enter a valid age: &amp#27;[0m&amp#27;[31mPlease enter a valid age: &amp#27;[0mWeight (lbs.): &amp#27;[31mPlease enter weight in pounds (lbs.): &amp#27;[0m&amp#27;[31mPlease enter a valid weight in pounds (lbs.): &amp#27;[0mAcquisition Date (MM-DD-YYYY): &amp#27;[31mPlease enter a date (MM-DD-YYYY): &amp#27;[0m&amp#27;[31mPlease enter the acquisition date (MM-DD-YYYY): &amp#27;[0mAcquisition Country: &amp#27;[31mPlease enter a country: &amp#27;[0mTraining Status (phase number, intake, in service, or farm): &amp#27;[31mPlease enter status (phase number, intake, in service, or farm): &amp#27;[0m&amp#27;[31mPlease enter status (examples: 'Phase 1', 'intake', 'in service', farm): &amp#27;[0mReserved (true or false): &amp#27;[31mPlease enter true or false: &amp#27;[0m&amp#27;[31mPlease enter true or false: &amp#27;[0mIn Service Country: &amp#27;[31mEnter the in service country: &amp#27;[0mTail Length (in.): &amp#27;[31mPlease enter the tail length in inches: &amp#27;[0m&amp#27;[31mPlease enter a valid tail length in inches: &amp#27;[0mHeight (in.): &amp#27;[31mPlease enter the height in inches (in.): &amp#27;[0m&amp#27;[31mPlease enter a valid height in inches (in.): &amp#27;[0mBody Length (in.): &amp#27;[31mPlease enter the body length in inches: &amp#27;[0m&amp#27;[31mPlease enter a valid body length in inches: &amp#27;[0m&amp#27;[33m
Would you like to add this monkey (Y or N): &amp#27;[0m&amp#27;[33mWould you like to add this monkey (Y or N): &amp#27;[0m&amp#27;[33mWould you like to add this monkey (Y or N): &amp#27;[0m&amp#27;[33mWould you like to add this monkey (Y or N): &amp#27;[0m&amp#27;[33mWould you like to add this monkey (Y or N): &amp#27;[0m&amp#27;[36m
Successfully added!&amp#27;[0m
Monkey Name: &amp#27;[31mThis monkey already exists in the system.&amp#27;[0m
Monkey Name: Species: Gender (male/female): Age: Weight (lbs.): Acquisition Date (MM-DD-YYYY): Acquisition Country: Training Status (phase number, intake, in service, or farm): Reserved (true or false): In Service Country: Tail Length (in.): Height (in.): Body Length (in.): &amp#27;[33m
Would you like to add this monkey (Y or N): &amp#27;[0mMonkey Name: &amp#27;[31mPlease enter a valid name: &amp#27;[0mSpecies: Gender (male/female): Age: Weight (lbs.): Acquisition Date (MM-DD-YYYY): Acquisition Country: Training Status (phase number, intake, in service, or farm): Reserved (true or false): Tail Length (in.): Height (in.): Body Length (in.): &amp#27;[33m
Would you like to add this monkey (Y or N): &amp#27;[0m&amp#27;[36m
Successfully added!&amp#27;[0m
]]></system-out>
  </testcase>
  <testcase name="testOptions456Q" classname="rescueAnimal.MainTest" time="0.038">
    <system-out><![CDATA[
&amp#27;[4m&amp#27;[30m&amp#27;[47mName                 Training Status      In Service Locations      Reserved  
&amp#27;[0m
Sophie               intake               United States             No        
Crimson              Phase 1              United States             No        
Blueberry            in service           Canada                    Yes       

&amp#27;[4m&amp#27;[30m&amp#27;[47mName                 Training Status      In Service Locations      Reserved  
&amp#27;[0m
Kimchi               intake               United States             No        
Gizmo                Phase 1              United States             No        
Sweet Pea            in service           Canada                    Yes       
Jack                 in service           United States             No        
Rover                farm                 n/a                       Yes       

&amp#27;[4m&amp#27;[30m&amp#27;[47mName                 Training Status      In Service Locations      Reserved  
&amp#27;[0m
Sophie               intake               United States             No        
Crimson              Phase 1              United States             No        
Kimchi               intake               United States             No        
Gizmo                Phase 1              United States             No        
Jack                 in service           United States             No        
]]></system-out>
  </testcase>
  <testcase name="testGetAcquisitionDate" classname="rescueAnimal.MainTest" time="0.006">
    <system-out><![CDATA[Acquisition Date (MM-DD-YYYY): Acquisition Date (MM-DD-YYYY): &amp#27;[31mPlease enter a date (MM-DD-YYYY): &amp#27;[0m&amp#27;[31mPlease enter the acquisition date (MM-DD-YYYY): &amp#27;[0m&amp#27;[31mPlease enter the acquisition date (MM-DD-YYYY): &amp#27;[0m&amp#27;[31mPlease enter the acquisition date (MM-DD-YYYY): &amp#27;[0m&amp#27;[31mPlease enter the acquisition date (MM-DD-YYYY): &amp#27;[0m&amp#27;[31mPlease enter the acquisition date (MM-DD-YYYY): &amp#27;[0m&amp#27;[31mPlease enter the acquisition date (MM-DD-YYYY): &amp#27;[0m&amp#27;[31mPlease enter a valid acquisition date (MM-DD-YYYY): &amp#27;[0m&amp#27;[31mPlease enter a valid acquisition date (MM-DD-YYYY): &amp#27;[0m&amp#27;[31mPlease enter the acquisition date (MM-DD-YYYY): &amp#27;[0m&amp#27;[31mPlease enter a valid date (MM-DD-YYYY): &amp#27;[0m&amp#27;[31mPlease enter a valid date (MM-DD-YYYY): &amp#27;[0m&amp#27;[31mPlease enter a valid date (MM-DD-YYYY): &amp#27;[0m
&amp#27;[31mPlease enter a valid acquisition date (MM-DD-YYYY): &amp#27;[0m]]></system-out>
  </testcase>
  <testcase name="testGetInServiceCountry" classname="rescueAnimal.MainTest" time="0.004">
    <system-out><![CDATA[In Service Country: &amp#27;[31mEnter the in service country: &amp#27;[0m]]></system-out>
  </testcase>
  <testcase name="testIntakeNewDog" classname="rescueAnimal.MainTest" time="0.009">
    <system-out><![CDATA[Dog Name: &amp#27;[31mPlease enter a valid name: &amp#27;[0mBreed: &amp#27;[31mPlease enter a dog breed: &amp#27;[0mGender (male/female): Please enter a gender: Age: &amp#27;[31mPlease enter a valid age: &amp#27;[0m&amp#27;[31mPlease enter a valid age: &amp#27;[0m&amp#27;[31mPlease enter a valid age: &amp#27;[0m&amp#27;[31mPlease enter a valid age: &amp#27;[0mWeight (lbs.): &amp#27;[31mPlease enter weight in pounds (lbs.): &amp#27;[0m&amp#27;[31mPlease enter a valid weight in pounds (lbs.): &amp#27;[0mAcquisition Date (MM-DD-YYYY): &amp#27;[31mPlease enter a date (MM-DD-YYYY): &amp#27;[0m&amp#27;[31mPlease enter the acquisition date (MM-DD-YYYY): &amp#27;[0mAcquisition Country: &amp#27;[31mPlease enter a country: &amp#27;[0mTraining Status (phase number, intake, in service, or farm): &amp#27;[31mPlease enter status (phase number, intake, in service, or farm): &amp#27;[0m&amp#27;[31mPlease enter status (examples: 'Phase 1', 'intake', 'in service', farm): &amp#27;[0mReserved (true or false): &amp#27;[31mPlease enter true or false: &amp#27;[0m&amp#27;[31mPlease enter true or false: &amp#27;[0mIn Service Country: &amp#27;[31mEnter the in service country: &amp#27;[0m&amp#27;[33m
Would you like to add this dog (Y or N): &amp#27;[0m&amp#27;[33mWould you like to add this dog (Y or N): &amp#27;[0m&amp#27;[33mWould you like to add this dog (Y or N): &amp#27;[0m&amp#27;[33mWould you like to add this dog (Y or N): &amp#27;[0m&amp#27;[33mWould you like to add this dog (Y or N): &amp#27;[0m&amp#27;[36m
Successfully added!&amp#27;[0m
Dog Name: &amp#27;[31mThis dog already exists in the system.&amp#27;[0m
Dog Name: Breed: Gender (male/female): Age: Weight (lbs.): Acquisition Date (MM-DD-YYYY): Acquisition Country: Training Status (phase number, intake, in service, or farm): Reserved (true or false): In Service Country: &amp#27;[33m
Would you like to add this dog (Y or N): &amp#27;[0mDog Name: &amp#27;[31mPlease enter a valid name: &amp#27;[0mBreed: Gender (male/female): Age: Weight (lbs.): Acquisition Date (MM-DD-YYYY): Acquisition Country: Training Status (phase number, intake, in service, or farm): Reserved (true or false): &amp#27;[33m
Would you like to add this dog (Y or N): &amp#27;[0m&amp#27;[36m
Successfully added!&amp#27;[0m
]]></system-out>
  </testcase>
  <testcase name="testReserveAnimal" classname="rescueAnimal.MainTest" time="0.003">
    <system-out><![CDATA[Animal type to reserve (dog or monkey): &amp#27;[31mPlease enter a valid animal type (dog or monkey): &amp#27;[0m&amp#27;[31mPlease enter a valid animal type (dog or monkey): &amp#27;[0m&amp#27;[31mPlease enter a valid animal type (dog or monkey): &amp#27;[0mWhat country is the service needed: &amp#27;[31mPlease enter a valid country: &amp#27;[0m&amp#27;[33m
Would you like to reserve this animal if available here (Y or N): &amp#27;[0m&amp#27;[33m
Would you like to reserve this animal if available here (Y or N): &amp#27;[0m&amp#27;[31m
No in service dogs for this country!&amp#27;[0m
]]></system-out>
  </testcase>
  <testcase name="testGetTrainingStatus" classname="rescueAnimal.MainTest" time="0.003">
    <system-out><![CDATA[Training Status (phase number, intake, in service, or farm): Training Status (phase number, intake, in service, or farm): &amp#27;[31mPlease enter status (phase number, intake, in service, or farm): &amp#27;[0m&amp#27;[31mPlease enter status (examples: 'Phase 1', 'intake', 'in service', farm): &amp#27;[0m&amp#27;[31mPlease enter status (examples: 'Phase 1', 'intake', 'in service', farm): &amp#27;[0m&amp#27;[31mPlease enter status (examples: 'Phase 1', 'intake', 'in service', farm): &amp#27;[0m&amp#27;[31mPlease enter status (examples: 'Phase 1', 'intake', 'in service', farm): &amp#27;[0m&amp#27;[31mPlease enter status (examples: 'Phase 1', 'intake', 'in service', farm): &amp#27;[0m]]></system-out>
  </testcase>
  <testcase name="testGetReserved" classname="rescueAnimal.MainTest" time="0.002">
    <system-out><![CDATA[Reserved (true or false): Reserved (true or false): &amp#27;[31mPlease enter true or false: &amp#27;[0m&amp#27;[31mPlease enter true or false: &amp#27;[0m&amp#27;[31mPlease enter true or false: &amp#27;[0m&amp#27;[31mPlease enter true or false: &amp#27;[0m&amp#27;[31mPlease enter true or false: &amp#27;[0m&amp#27;[31mPlease enter true or false: &amp#27;[0m]]></system-out>
  </testcase>
  <testcase name="testGetGender" classname="rescueAnimal.MainTest" time="0.002">
    <system-out><![CDATA[Gender (male/female): Gender (male/female): Please enter a gender: &amp#27;[31mMale or female, please: &amp#27;[0m&amp#27;[31mMale or female, please: &amp#27;[0m&amp#27;[31mMale or female, please: &amp#27;[0m&amp#27;[31mMale or female, please: &amp#27;[0m&amp#27;[31mMale or female, please: &amp#27;[0m&amp#27;[31mMale or female, please: &amp#27;[0m&amp#27;[31mMale or female, please: &amp#27;[0m]]></system-out>
  </testcase>
  <testcase name="testGetAge" classname="rescueAnimal.MainTest" time="0.002">
    <system-out><![CDATA[Age: Age: &amp#27;[31mPlease enter a valid age: &amp#27;[0m&amp#27;[31mPlease enter a valid age: &amp#27;[0m&amp#27;[31mPlease enter a valid age: &amp#27;[0m&amp#27;[31mPlease enter a valid age: &amp#27;[0m&amp#27;[31mPlease enter a valid age: &amp#27;[0m&amp#27;[31mPlease enter a valid age: &amp#27;[0m]]></system-out>
  </testcase>
  <testcase name="testGetWeight" classname="rescueAnimal.MainTest" time="0.003">
    <system-out><![CDATA[Weight (lbs.): Weight (lbs.): &amp#27;[31mPlease enter weight in pounds (lbs.): &amp#27;[0m&amp#27;[31mPlease enter a valid weight in pounds (lbs.): &amp#27;[0m&amp#27;[31mPlease enter a valid weight in pounds (lbs.): &amp#27;[0m&amp#27;[31mPlease enter a valid weight in pounds (lbs.): &amp#27;[0m&amp#27;[31mPlease enter a valid weight in pounds (lbs.): &amp#27;[0m&amp#27;[31mPlease enter a valid weight in pounds (lbs.): &amp#27;[0m]]></system-out>
  </testcase>
</testsuite>